[2026-04-11 06:39:57] 🌃 [Endless] =========================================
[2026-04-11 06:39:57] 🌃 [Endless] 🌑 太阳落山，长城守夜人已启动。ForthAMS 企业级打磨流水线进入死循环状态...
[2026-04-11 06:39:57] 🌃 [Endless] =========================================
[2026-04-11 06:39:57] 🌃 [Endless] 
--- ⚡ 第 1 次基因融合突飞猛进开始 ---
[2026-04-11 06:39:57] 🌃 [Endless] 🔥 打爆演进核弹: 【Squad Location】作为基础设施建设小队，请在 forthAMS 项目中实现多级层级关系的 Location (空间字典) 的全链路打通。包括 Entity(具备树状关系的 ID, parentId 等)、MyBatis Mapper、支持树形查建改的 Service 层，以及在 LocationController 暴露完善的 REST API。确保与现有框架的实体风格保持一致，使用 Spring Boot 标准装配。
[2026-04-11 06:41:04] 🌃 [Endless] 🦾 脑力激荡完毕。出口码: 0
[2026-04-11 06:41:04] 🌃 [Endless] ✅ 此次基因突变已成功揉入当前代码海！
[2026-04-11 06:41:04] 🌃 [Endless] 🔒 为本次修改打入版本印记或执行假想测例防止劣化...
[2026-04-11 06:41:04] 🌃 [Endless] 🚀 VRAM 冷却机制已解除，统一内存架构直接发起下一轮无缝衔接突刺！
[2026-04-11 06:41:06] 🌃 [Endless] 
--- ⚡ 第 2 次基因融合突飞猛进开始 ---
[2026-04-11 06:41:06] 🌃 [Endless] 🔥 打爆演进核弹: 【Squad Location】作为基础设施建设小队，请在 forthAMS 项目中实现多级层级关系的 Location (空间字典) 的全链路打通。包括 Entity(具备树状关系的 ID, parentId 等)、MyBatis Mapper、支持树形查建改的 Service 层，以及在 LocationController 暴露完善的 REST API。确保与现有框架的实体风格保持一致，使用 Spring Boot 标准装配。
[2026-04-11 06:42:19] 🌃 [Endless] 🦾 脑力激荡完毕。出口码: 0
[2026-04-11 06:42:19] 🌃 [Endless] ✅ 此次基因突变已成功揉入当前代码海！
[2026-04-11 06:42:19] 🌃 [Endless] 🔒 为本次修改打入版本印记或执行假想测例防止劣化...
[2026-04-11 06:42:19] 🌃 [Endless] 🚀 VRAM 冷却机制已解除，统一内存架构直接发起下一轮无缝衔接突刺！
[2026-04-11 06:42:21] 🌃 [Endless] 
--- ⚡ 第 3 次基因融合突飞猛进开始 ---
[2026-04-11 06:42:21] 🌃 [Endless] 🔥 打爆演进核弹: 【Squad WorkOrder】做为工作流战队，请对维保、调拔等散乱事件统一建立更高层级的工单底盘表（WorkOrder）。该工单表需要包含单号（Auto-Gen）、状态（如DRAFT/PENDING/APPROVED/EXECUTING/CLOSED）等标准化字段。提供其对应的 Service 操作核心以实现状态机驱动（不能非法越级修改工单态），并且提供完备的 API 支持。
[2026-04-11 06:45:29] 🌃 [Endless] 🦾 脑力激荡完毕。出口码: 0
[2026-04-11 06:45:29] 🌃 [Endless] ✅ 此次基因突变已成功揉入当前代码海！
[2026-04-11 06:45:29] 🌃 [Endless] 🔒 为本次修改打入版本印记或执行假想测例防止劣化...
[2026-04-11 06:45:29] 🌃 [Endless] 🚀 VRAM 冷却机制已解除，统一内存架构直接发起下一轮无缝衔接突刺！
[2026-04-11 06:45:31] 🌃 [Endless] 
--- ⚡ 第 4 次基因融合突飞猛进开始 ---
[2026-04-11 06:45:31] 🌃 [Endless] 🔥 打爆演进核弹: 【Squad Location】作为基础设施建设小队，请在 forthAMS 项目中实现多级层级关系的 Location (空间字典) 的全链路打通。包括 Entity(具备树状关系的 ID, parentId 等)、MyBatis Mapper、支持树形查建改的 Service 层，以及在 LocationController 暴露完善的 REST API。确保与现有框架的实体风格保持一致，使用 Spring Boot 标准装配。
[2026-04-11 06:46:50] 🌃 [Endless] 🦾 脑力激荡完毕。出口码: 0
[2026-04-11 06:46:50] 🌃 [Endless] ✅ 此次基因突变已成功揉入当前代码海！
[2026-04-11 06:46:50] 🌃 [Endless] 🔒 为本次修改打入版本印记或执行假想测例防止劣化...
[2026-04-11 06:46:50] 🌃 [Endless] 🚀 VRAM 冷却机制已解除，统一内存架构直接发起下一轮无缝衔接突刺！
[2026-04-11 06:46:52] 🌃 [Endless] 
--- ⚡ 第 5 次基因融合突飞猛进开始 ---
[2026-04-11 06:46:52] 🌃 [Endless] 🔥 打爆演进核弹: 【Squad Audit】风险审计与可观测性打杂小队。你需要对整个系统构建通用审计跟踪表: GeneralAuditEntry。核心在于为其编写 AOP 切面代码（例如自定义一个 @Auditable 注解配合一个 AuditAspect 类拦截增删改的方法），并在关键控制器如 AssetController 等核心写操作上落上注解，使得系统可以完全自主在后台存入一条带有 trace_id, action, before_record, after_record 等的审计记录日志到 MySQL。
[2026-04-11 06:48:53] 🌃 [Endless] 🦾 脑力激荡完毕。出口码: 0
[2026-04-11 06:48:53] 🌃 [Endless] ✅ 此次基因突变已成功揉入当前代码海！
[2026-04-11 06:48:53] 🌃 [Endless] 🔒 为本次修改打入版本印记或执行假想测例防止劣化...
[2026-04-11 06:48:53] 🌃 [Endless] 🚀 VRAM 冷却机制已解除，统一内存架构直接发起下一轮无缝衔接突刺！
[2026-04-11 06:48:55] 🌃 [Endless] 
--- ⚡ 第 6 次基因融合突飞猛进开始 ---
[2026-04-11 06:48:55] 🌃 [Endless] 🔥 打爆演进核弹: 【Squad WorkOrder】做为工作流战队，请对维保、调拔等散乱事件统一建立更高层级的工单底盘表（WorkOrder）。该工单表需要包含单号（Auto-Gen）、状态（如DRAFT/PENDING/APPROVED/EXECUTING/CLOSED）等标准化字段。提供其对应的 Service 操作核心以实现状态机驱动（不能非法越级修改工单态），并且提供完备的 API 支持。
[2026-04-11 06:52:40] 🌃 [Endless] 🦾 脑力激荡完毕。出口码: 0
[2026-04-11 06:52:40] 🌃 [Endless] ✅ 此次基因突变已成功揉入当前代码海！
[2026-04-11 06:52:41] 🌃 [Endless] 🔒 为本次修改打入版本印记或执行假想测例防止劣化...
[2026-04-11 06:52:41] 🌃 [Endless] 🚀 VRAM 冷却机制已解除，统一内存架构直接发起下一轮无缝衔接突刺！
[2026-04-11 06:52:43] 🌃 [Endless] 
--- ⚡ 第 7 次基因融合突飞猛进开始 ---
[2026-04-11 06:52:43] 🌃 [Endless] 🔥 打爆演进核弹: 【Squad Audit】风险审计与可观测性打杂小队。你需要对整个系统构建通用审计跟踪表: GeneralAuditEntry。核心在于为其编写 AOP 切面代码（例如自定义一个 @Auditable 注解配合一个 AuditAspect 类拦截增删改的方法），并在关键控制器如 AssetController 等核心写操作上落上注解，使得系统可以完全自主在后台存入一条带有 trace_id, action, before_record, after_record 等的审计记录日志到 MySQL。
[2026-04-11 07:03:43] 🌃 [Endless] 🦾 脑力激荡完毕。出口码: 0
[2026-04-11 07:03:43] 🌃 [Endless] ✅ 此次基因突变已成功揉入当前代码海！
[2026-04-11 07:03:43] 🌃 [Endless] 🔒 为本次修改打入版本印记或执行假想测例防止劣化...
[2026-04-11 07:03:43] 🌃 [Endless] 🚀 VRAM 冷却机制已解除，统一内存架构直接发起下一轮无缝衔接突刺！
[2026-04-11 07:03:45] 🌃 [Endless] 
--- ⚡ 第 8 次基因融合突飞猛进开始 ---
[2026-04-11 07:03:45] 🌃 [Endless] 🔥 打爆演进核弹: 【Squad WorkOrder】做为工作流战队，请对维保、调拔等散乱事件统一建立更高层级的工单底盘表（WorkOrder）。该工单表需要包含单号（Auto-Gen）、状态（如DRAFT/PENDING/APPROVED/EXECUTING/CLOSED）等标准化字段。提供其对应的 Service 操作核心以实现状态机驱动（不能非法越级修改工单态），并且提供完备的 API 支持。
[2026-04-11 07:07:28] 🌃 [Endless] 🦾 脑力激荡完毕。出口码: 0
[2026-04-11 07:07:28] 🌃 [Endless] ✅ 此次基因突变已成功揉入当前代码海！
[2026-04-11 07:07:28] 🌃 [Endless] 🔒 为本次修改打入版本印记或执行假想测例防止劣化...
[2026-04-11 07:07:29] 🌃 [Endless] 🚀 VRAM 冷却机制已解除，统一内存架构直接发起下一轮无缝衔接突刺！
[2026-04-11 07:07:31] 🌃 [Endless] 
--- ⚡ 第 9 次基因融合突飞猛进开始 ---
[2026-04-11 07:07:31] 🌃 [Endless] 🔥 打爆演进核弹: 【Squad WorkOrder】做为工作流战队，请对维保、调拔等散乱事件统一建立更高层级的工单底盘表（WorkOrder）。该工单表需要包含单号（Auto-Gen）、状态（如DRAFT/PENDING/APPROVED/EXECUTING/CLOSED）等标准化字段。提供其对应的 Service 操作核心以实现状态机驱动（不能非法越级修改工单态），并且提供完备的 API 支持。
[2026-04-11 07:14:07] 🌃 [Endless] 🦾 脑力激荡完毕。出口码: 0
[2026-04-11 07:14:07] 🌃 [Endless] ✅ 此次基因突变已成功揉入当前代码海！
[2026-04-11 07:14:07] 🌃 [Endless] 🔒 为本次修改打入版本印记或执行假想测例防止劣化...
[2026-04-11 07:14:07] 🌃 [Endless] 🚀 VRAM 冷却机制已解除，统一内存架构直接发起下一轮无缝衔接突刺！
[2026-04-11 07:14:09] 🌃 [Endless] 
--- ⚡ 第 10 次基因融合突飞猛进开始 ---
[2026-04-11 07:14:09] 🌃 [Endless] 🔥 打爆演进核弹: 【Squad Vendor】作为供应商关系链小队，请全面建设 Vendor 的闭环体系。包含：建立完备的 Vendor 实体对象，并在 Mapper 中增加增量数据防重入扫描逻辑；同时补齐 VendorService 并在 Controller 对接。审视目前已有的 Maintenance 等依赖，如果有外设或外部指派服务属性，考虑为这些业务实体预留 vendor_id 的多键关联能力。
[2026-04-11 07:15:12] 🌃 [Endless] 🦾 脑力激荡完毕。出口码: 0
[2026-04-11 07:15:12] 🌃 [Endless] ✅ 此次基因突变已成功揉入当前代码海！
[2026-04-11 07:15:12] 🌃 [Endless] 🔒 为本次修改打入版本印记或执行假想测例防止劣化...
[2026-04-11 07:15:12] 🌃 [Endless] 🚀 VRAM 冷却机制已解除，统一内存架构直接发起下一轮无缝衔接突刺！
[2026-04-11 07:15:14] 🌃 [Endless] 
--- ⚡ 第 11 次基因融合突飞猛进开始 ---
[2026-04-11 07:15:14] 🌃 [Endless] 🔥 打爆演进核弹: 【Squad WorkOrder】做为工作流战队，请对维保、调拔等散乱事件统一建立更高层级的工单底盘表（WorkOrder）。该工单表需要包含单号（Auto-Gen）、状态（如DRAFT/PENDING/APPROVED/EXECUTING/CLOSED）等标准化字段。提供其对应的 Service 操作核心以实现状态机驱动（不能非法越级修改工单态），并且提供完备的 API 支持。
[2026-04-11 07:24:02] 🌃 [Endless] 🦾 脑力激荡完毕。出口码: 0
[2026-04-11 07:24:02] 🌃 [Endless] ✅ 此次基因突变已成功揉入当前代码海！
[2026-04-11 07:24:02] 🌃 [Endless] 🔒 为本次修改打入版本印记或执行假想测例防止劣化...
[2026-04-11 07:24:02] 🌃 [Endless] 🚀 VRAM 冷却机制已解除，统一内存架构直接发起下一轮无缝衔接突刺！
[2026-04-11 07:24:04] 🌃 [Endless] 
--- ⚡ 第 12 次基因融合突飞猛进开始 ---
[2026-04-11 07:24:04] 🌃 [Endless] 🔥 打爆演进核弹: 【Squad Location】作为基础设施建设小队，请在 forthAMS 项目中实现多级层级关系的 Location (空间字典) 的全链路打通。包括 Entity(具备树状关系的 ID, parentId 等)、MyBatis Mapper、支持树形查建改的 Service 层，以及在 LocationController 暴露完善的 REST API。确保与现有框架的实体风格保持一致，使用 Spring Boot 标准装配。
[2026-04-11 07:25:11] 🌃 [Endless] 🦾 脑力激荡完毕。出口码: 0
[2026-04-11 07:25:11] 🌃 [Endless] ✅ 此次基因突变已成功揉入当前代码海！
[2026-04-11 07:25:11] 🌃 [Endless] 🔒 为本次修改打入版本印记或执行假想测例防止劣化...
[2026-04-11 07:25:11] 🌃 [Endless] 🚀 VRAM 冷却机制已解除，统一内存架构直接发起下一轮无缝衔接突刺！
[2026-04-11 07:25:13] 🌃 [Endless] 
--- ⚡ 第 13 次基因融合突飞猛进开始 ---
[2026-04-11 07:25:13] 🌃 [Endless] 🔥 打爆演进核弹: 【Squad Location】作为基础设施建设小队，请在 forthAMS 项目中实现多级层级关系的 Location (空间字典) 的全链路打通。包括 Entity(具备树状关系的 ID, parentId 等)、MyBatis Mapper、支持树形查建改的 Service 层，以及在 LocationController 暴露完善的 REST API。确保与现有框架的实体风格保持一致，使用 Spring Boot 标准装配。
[2026-04-11 07:25:58] 🌃 [Endless] 🦾 脑力激荡完毕。出口码: 0
[2026-04-11 07:25:58] 🌃 [Endless] ✅ 此次基因突变已成功揉入当前代码海！
[2026-04-11 07:25:58] 🌃 [Endless] 🔒 为本次修改打入版本印记或执行假想测例防止劣化...
[2026-04-11 07:25:58] 🌃 [Endless] 🚀 VRAM 冷却机制已解除，统一内存架构直接发起下一轮无缝衔接突刺！
[2026-04-11 07:26:00] 🌃 [Endless] 
--- ⚡ 第 14 次基因融合突飞猛进开始 ---
[2026-04-11 07:26:00] 🌃 [Endless] 🔥 打爆演进核弹: 【Squad WorkOrder】做为工作流战队，请对维保、调拔等散乱事件统一建立更高层级的工单底盘表（WorkOrder）。该工单表需要包含单号（Auto-Gen）、状态（如DRAFT/PENDING/APPROVED/EXECUTING/CLOSED）等标准化字段。提供其对应的 Service 操作核心以实现状态机驱动（不能非法越级修改工单态），并且提供完备的 API 支持。
[2026-04-11 07:33:03] 🌃 [Endless] 🦾 脑力激荡完毕。出口码: 0
[2026-04-11 07:33:03] 🌃 [Endless] ✅ 此次基因突变已成功揉入当前代码海！
[2026-04-11 07:33:03] 🌃 [Endless] 🔒 为本次修改打入版本印记或执行假想测例防止劣化...
[2026-04-11 07:33:03] 🌃 [Endless] 🚀 VRAM 冷却机制已解除，统一内存架构直接发起下一轮无缝衔接突刺！
[2026-04-11 07:33:05] 🌃 [Endless] 
--- ⚡ 第 15 次基因融合突飞猛进开始 ---
[2026-04-11 07:33:05] 🌃 [Endless] 🔥 打爆演进核弹: 【Squad Vendor】作为供应商关系链小队，请全面建设 Vendor 的闭环体系。包含：建立完备的 Vendor 实体对象，并在 Mapper 中增加增量数据防重入扫描逻辑；同时补齐 VendorService 并在 Controller 对接。审视目前已有的 Maintenance 等依赖，如果有外设或外部指派服务属性，考虑为这些业务实体预留 vendor_id 的多键关联能力。
[2026-04-11 07:34:07] 🌃 [Endless] 🦾 脑力激荡完毕。出口码: 0
[2026-04-11 07:34:07] 🌃 [Endless] ✅ 此次基因突变已成功揉入当前代码海！
[2026-04-11 07:34:07] 🌃 [Endless] 🔒 为本次修改打入版本印记或执行假想测例防止劣化...
[2026-04-11 07:34:07] 🌃 [Endless] 🚀 VRAM 冷却机制已解除，统一内存架构直接发起下一轮无缝衔接突刺！
[2026-04-11 07:34:09] 🌃 [Endless] 
--- ⚡ 第 16 次基因融合突飞猛进开始 ---
[2026-04-11 07:34:09] 🌃 [Endless] 🔥 打爆演进核弹: 【Squad WorkOrder】做为工作流战队，请对维保、调拔等散乱事件统一建立更高层级的工单底盘表（WorkOrder）。该工单表需要包含单号（Auto-Gen）、状态（如DRAFT/PENDING/APPROVED/EXECUTING/CLOSED）等标准化字段。提供其对应的 Service 操作核心以实现状态机驱动（不能非法越级修改工单态），并且提供完备的 API 支持。
[2026-04-11 07:38:06] 🌃 [Endless] 🦾 脑力激荡完毕。出口码: 0
[2026-04-11 07:38:06] 🌃 [Endless] ✅ 此次基因突变已成功揉入当前代码海！
[2026-04-11 07:38:06] 🌃 [Endless] 🔒 为本次修改打入版本印记或执行假想测例防止劣化...
[2026-04-11 07:38:06] 🌃 [Endless] 🚀 VRAM 冷却机制已解除，统一内存架构直接发起下一轮无缝衔接突刺！
[2026-04-11 07:38:08] 🌃 [Endless] 
--- ⚡ 第 17 次基因融合突飞猛进开始 ---
[2026-04-11 07:38:08] 🌃 [Endless] 🔥 打爆演进核弹: 【Squad WorkOrder】做为工作流战队，请对维保、调拔等散乱事件统一建立更高层级的工单底盘表（WorkOrder）。该工单表需要包含单号（Auto-Gen）、状态（如DRAFT/PENDING/APPROVED/EXECUTING/CLOSED）等标准化字段。提供其对应的 Service 操作核心以实现状态机驱动（不能非法越级修改工单态），并且提供完备的 API 支持。
[2026-04-11 07:48:03] 🌃 [Endless] 🦾 脑力激荡完毕。出口码: 0
[2026-04-11 07:48:03] 🌃 [Endless] ✅ 此次基因突变已成功揉入当前代码海！
[2026-04-11 07:48:03] 🌃 [Endless] 🔒 为本次修改打入版本印记或执行假想测例防止劣化...
[2026-04-11 07:48:03] 🌃 [Endless] 🚀 VRAM 冷却机制已解除，统一内存架构直接发起下一轮无缝衔接突刺！
[2026-04-11 07:48:05] 🌃 [Endless] 
--- ⚡ 第 18 次基因融合突飞猛进开始 ---
[2026-04-11 07:48:05] 🌃 [Endless] 🔥 打爆演进核弹: 【Squad Audit】风险审计与可观测性打杂小队。你需要对整个系统构建通用审计跟踪表: GeneralAuditEntry。核心在于为其编写 AOP 切面代码（例如自定义一个 @Auditable 注解配合一个 AuditAspect 类拦截增删改的方法），并在关键控制器如 AssetController 等核心写操作上落上注解，使得系统可以完全自主在后台存入一条带有 trace_id, action, before_record, after_record 等的审计记录日志到 MySQL。
[2026-04-11 07:51:30] 🌃 [Endless] 🦾 脑力激荡完毕。出口码: 0
[2026-04-11 07:51:30] 🌃 [Endless] ✅ 此次基因突变已成功揉入当前代码海！
[2026-04-11 07:51:30] 🌃 [Endless] 🔒 为本次修改打入版本印记或执行假想测例防止劣化...
[2026-04-11 07:51:30] 🌃 [Endless] 🚀 VRAM 冷却机制已解除，统一内存架构直接发起下一轮无缝衔接突刺！
[2026-04-11 07:51:32] 🌃 [Endless] 
--- ⚡ 第 19 次基因融合突飞猛进开始 ---
[2026-04-11 07:51:32] 🌃 [Endless] 🔥 打爆演进核弹: 【Squad WorkOrder】做为工作流战队，请对维保、调拔等散乱事件统一建立更高层级的工单底盘表（WorkOrder）。该工单表需要包含单号（Auto-Gen）、状态（如DRAFT/PENDING/APPROVED/EXECUTING/CLOSED）等标准化字段。提供其对应的 Service 操作核心以实现状态机驱动（不能非法越级修改工单态），并且提供完备的 API 支持。
[2026-04-11 07:58:12] 🌃 [Endless] 🦾 脑力激荡完毕。出口码: 0
[2026-04-11 07:58:12] 🌃 [Endless] ✅ 此次基因突变已成功揉入当前代码海！
[2026-04-11 07:58:12] 🌃 [Endless] 🔒 为本次修改打入版本印记或执行假想测例防止劣化...
[2026-04-11 07:58:12] 🌃 [Endless] 🚀 VRAM 冷却机制已解除，统一内存架构直接发起下一轮无缝衔接突刺！
[2026-04-11 07:58:14] 🌃 [Endless] 
--- ⚡ 第 20 次基因融合突飞猛进开始 ---
[2026-04-11 07:58:14] 🌃 [Endless] 🔥 打爆演进核弹: 【Squad WorkOrder】做为工作流战队，请对维保、调拔等散乱事件统一建立更高层级的工单底盘表（WorkOrder）。该工单表需要包含单号（Auto-Gen）、状态（如DRAFT/PENDING/APPROVED/EXECUTING/CLOSED）等标准化字段。提供其对应的 Service 操作核心以实现状态机驱动（不能非法越级修改工单态），并且提供完备的 API 支持。
[2026-04-11 08:06:59] 🌃 [Endless] 🦾 脑力激荡完毕。出口码: 0
[2026-04-11 08:06:59] 🌃 [Endless] ✅ 此次基因突变已成功揉入当前代码海！
[2026-04-11 08:06:59] 🌃 [Endless] 🔒 为本次修改打入版本印记或执行假想测例防止劣化...
[2026-04-11 08:06:59] 🌃 [Endless] 🚀 VRAM 冷却机制已解除，统一内存架构直接发起下一轮无缝衔接突刺！
[2026-04-11 08:07:01] 🌃 [Endless] 
--- ⚡ 第 21 次基因融合突飞猛进开始 ---
[2026-04-11 08:07:01] 🌃 [Endless] 🔥 打爆演进核弹: 【Squad Vendor】作为供应商关系链小队，请全面建设 Vendor 的闭环体系。包含：建立完备的 Vendor 实体对象，并在 Mapper 中增加增量数据防重入扫描逻辑；同时补齐 VendorService 并在 Controller 对接。审视目前已有的 Maintenance 等依赖，如果有外设或外部指派服务属性，考虑为这些业务实体预留 vendor_id 的多键关联能力。
[2026-04-11 08:08:04] 🌃 [Endless] 🦾 脑力激荡完毕。出口码: 0
[2026-04-11 08:08:04] 🌃 [Endless] ✅ 此次基因突变已成功揉入当前代码海！
[2026-04-11 08:08:04] 🌃 [Endless] 🔒 为本次修改打入版本印记或执行假想测例防止劣化...
[2026-04-11 08:08:04] 🌃 [Endless] 🚀 VRAM 冷却机制已解除，统一内存架构直接发起下一轮无缝衔接突刺！
[2026-04-11 08:08:06] 🌃 [Endless] 
--- ⚡ 第 22 次基因融合突飞猛进开始 ---
[2026-04-11 08:08:06] 🌃 [Endless] 🔥 打爆演进核弹: 【Squad Location】作为基础设施建设小队，请在 forthAMS 项目中实现多级层级关系的 Location (空间字典) 的全链路打通。包括 Entity(具备树状关系的 ID, parentId 等)、MyBatis Mapper、支持树形查建改的 Service 层，以及在 LocationController 暴露完善的 REST API。确保与现有框架的实体风格保持一致，使用 Spring Boot 标准装配。
[2026-04-11 08:09:27] 🌃 [Endless] 🦾 脑力激荡完毕。出口码: 0
[2026-04-11 08:09:27] 🌃 [Endless] ✅ 此次基因突变已成功揉入当前代码海！
[2026-04-11 08:09:27] 🌃 [Endless] 🔒 为本次修改打入版本印记或执行假想测例防止劣化...
[2026-04-11 08:09:27] 🌃 [Endless] 🚀 VRAM 冷却机制已解除，统一内存架构直接发起下一轮无缝衔接突刺！
[2026-04-11 08:09:29] 🌃 [Endless] 
--- ⚡ 第 23 次基因融合突飞猛进开始 ---
[2026-04-11 08:09:29] 🌃 [Endless] 🔥 打爆演进核弹: 【Squad Location】作为基础设施建设小队，请在 forthAMS 项目中实现多级层级关系的 Location (空间字典) 的全链路打通。包括 Entity(具备树状关系的 ID, parentId 等)、MyBatis Mapper、支持树形查建改的 Service 层，以及在 LocationController 暴露完善的 REST API。确保与现有框架的实体风格保持一致，使用 Spring Boot 标准装配。
[2026-04-11 08:12:04] 🌃 [Endless] 🦾 脑力激荡完毕。出口码: 0
[2026-04-11 08:12:04] 🌃 [Endless] ✅ 此次基因突变已成功揉入当前代码海！
[2026-04-11 08:12:04] 🌃 [Endless] 🔒 为本次修改打入版本印记或执行假想测例防止劣化...
[2026-04-11 08:12:04] 🌃 [Endless] 🚀 VRAM 冷却机制已解除，统一内存架构直接发起下一轮无缝衔接突刺！
[2026-04-11 08:12:06] 🌃 [Endless] 
--- ⚡ 第 24 次基因融合突飞猛进开始 ---
[2026-04-11 08:12:06] 🌃 [Endless] 🔥 打爆演进核弹: 【Squad Vendor】作为供应商关系链小队，请全面建设 Vendor 的闭环体系。包含：建立完备的 Vendor 实体对象，并在 Mapper 中增加增量数据防重入扫描逻辑；同时补齐 VendorService 并在 Controller 对接。审视目前已有的 Maintenance 等依赖，如果有外设或外部指派服务属性，考虑为这些业务实体预留 vendor_id 的多键关联能力。
[2026-04-11 08:13:18] 🌃 [Endless] 🦾 脑力激荡完毕。出口码: 0
[2026-04-11 08:13:18] 🌃 [Endless] ✅ 此次基因突变已成功揉入当前代码海！
[2026-04-11 08:13:18] 🌃 [Endless] 🔒 为本次修改打入版本印记或执行假想测例防止劣化...
[2026-04-11 08:13:18] 🌃 [Endless] 🚀 VRAM 冷却机制已解除，统一内存架构直接发起下一轮无缝衔接突刺！
[2026-04-11 08:13:20] 🌃 [Endless] 
--- ⚡ 第 25 次基因融合突飞猛进开始 ---
[2026-04-11 08:13:20] 🌃 [Endless] 🔥 打爆演进核弹: 【Squad Location】作为基础设施建设小队，请在 forthAMS 项目中实现多级层级关系的 Location (空间字典) 的全链路打通。包括 Entity(具备树状关系的 ID, parentId 等)、MyBatis Mapper、支持树形查建改的 Service 层，以及在 LocationController 暴露完善的 REST API。确保与现有框架的实体风格保持一致，使用 Spring Boot 标准装配。
[2026-04-11 08:20:18] 🌃 [Endless] 🦾 脑力激荡完毕。出口码: 0
[2026-04-11 08:20:18] 🌃 [Endless] ✅ 此次基因突变已成功揉入当前代码海！
[2026-04-11 08:20:18] 🌃 [Endless] 🔒 为本次修改打入版本印记或执行假想测例防止劣化...
[2026-04-11 08:20:18] 🌃 [Endless] 🚀 VRAM 冷却机制已解除，统一内存架构直接发起下一轮无缝衔接突刺！
[2026-04-11 08:20:20] 🌃 [Endless] 
--- ⚡ 第 26 次基因融合突飞猛进开始 ---
[2026-04-11 08:20:20] 🌃 [Endless] 🔥 打爆演进核弹: 【Squad Location】作为基础设施建设小队，请在 forthAMS 项目中实现多级层级关系的 Location (空间字典) 的全链路打通。包括 Entity(具备树状关系的 ID, parentId 等)、MyBatis Mapper、支持树形查建改的 Service 层，以及在 LocationController 暴露完善的 REST API。确保与现有框架的实体风格保持一致，使用 Spring Boot 标准装配。
[2026-04-11 08:40:20] 🌃 [Endless] ⏳ 构思过于庞大超时截断。它已经尽力了。下回合见。
[2026-04-11 08:40:20] 🌃 [Endless] 🔒 为本次修改打入版本印记或执行假想测例防止劣化...
[2026-04-11 08:40:21] 🌃 [Endless] 🚀 VRAM 冷却机制已解除，统一内存架构直接发起下一轮无缝衔接突刺！
[2026-04-11 08:40:23] 🌃 [Endless] 
--- ⚡ 第 27 次基因融合突飞猛进开始 ---
[2026-04-11 08:40:23] 🌃 [Endless] 🔥 打爆演进核弹: 【Squad Vendor】作为供应商关系链小队，请全面建设 Vendor 的闭环体系。包含：建立完备的 Vendor 实体对象，并在 Mapper 中增加增量数据防重入扫描逻辑；同时补齐 VendorService 并在 Controller 对接。审视目前已有的 Maintenance 等依赖，如果有外设或外部指派服务属性，考虑为这些业务实体预留 vendor_id 的多键关联能力。
[2026-04-11 08:41:35] 🌃 [Endless] 🦾 脑力激荡完毕。出口码: 0
[2026-04-11 08:41:35] 🌃 [Endless] ✅ 此次基因突变已成功揉入当前代码海！
[2026-04-11 08:41:35] 🌃 [Endless] 🔒 为本次修改打入版本印记或执行假想测例防止劣化...
[2026-04-11 08:41:35] 🌃 [Endless] 🚀 VRAM 冷却机制已解除，统一内存架构直接发起下一轮无缝衔接突刺！
[2026-04-11 08:41:37] 🌃 [Endless] 
--- ⚡ 第 28 次基因融合突飞猛进开始 ---
[2026-04-11 08:41:37] 🌃 [Endless] 🔥 打爆演进核弹: 【Squad WorkOrder】做为工作流战队，请对维保、调拔等散乱事件统一建立更高层级的工单底盘表（WorkOrder）。该工单表需要包含单号（Auto-Gen）、状态（如DRAFT/PENDING/APPROVED/EXECUTING/CLOSED）等标准化字段。提供其对应的 Service 操作核心以实现状态机驱动（不能非法越级修改工单态），并且提供完备的 API 支持。
[2026-04-11 08:48:53] 🌃 [Endless] 🦾 脑力激荡完毕。出口码: 0
[2026-04-11 08:48:53] 🌃 [Endless] ✅ 此次基因突变已成功揉入当前代码海！
[2026-04-11 08:48:53] 🌃 [Endless] 🔒 为本次修改打入版本印记或执行假想测例防止劣化...
[2026-04-11 08:48:53] 🌃 [Endless] 🚀 VRAM 冷却机制已解除，统一内存架构直接发起下一轮无缝衔接突刺！
[2026-04-11 08:48:55] 🌃 [Endless] 
--- ⚡ 第 29 次基因融合突飞猛进开始 ---
[2026-04-11 08:48:55] 🌃 [Endless] 🔥 打爆演进核弹: 【Squad WorkOrder】做为工作流战队，请对维保、调拔等散乱事件统一建立更高层级的工单底盘表（WorkOrder）。该工单表需要包含单号（Auto-Gen）、状态（如DRAFT/PENDING/APPROVED/EXECUTING/CLOSED）等标准化字段。提供其对应的 Service 操作核心以实现状态机驱动（不能非法越级修改工单态），并且提供完备的 API 支持。
[2026-04-11 08:54:57] 🌃 [Endless] 🦾 脑力激荡完毕。出口码: 0
[2026-04-11 08:54:57] 🌃 [Endless] ✅ 此次基因突变已成功揉入当前代码海！
[2026-04-11 08:54:57] 🌃 [Endless] 🔒 为本次修改打入版本印记或执行假想测例防止劣化...
[2026-04-11 08:54:57] 🌃 [Endless] 🚀 VRAM 冷却机制已解除，统一内存架构直接发起下一轮无缝衔接突刺！
[2026-04-11 08:54:59] 🌃 [Endless] 
--- ⚡ 第 30 次基因融合突飞猛进开始 ---
[2026-04-11 08:54:59] 🌃 [Endless] 🔥 打爆演进核弹: 【Squad Audit】风险审计与可观测性打杂小队。你需要对整个系统构建通用审计跟踪表: GeneralAuditEntry。核心在于为其编写 AOP 切面代码（例如自定义一个 @Auditable 注解配合一个 AuditAspect 类拦截增删改的方法），并在关键控制器如 AssetController 等核心写操作上落上注解，使得系统可以完全自主在后台存入一条带有 trace_id, action, before_record, after_record 等的审计记录日志到 MySQL。
[2026-04-11 08:58:15] 🌃 [Endless] 🦾 脑力激荡完毕。出口码: 0
[2026-04-11 08:58:15] 🌃 [Endless] ✅ 此次基因突变已成功揉入当前代码海！
[2026-04-11 08:58:15] 🌃 [Endless] 🔒 为本次修改打入版本印记或执行假想测例防止劣化...
[2026-04-11 08:58:16] 🌃 [Endless] 🚀 VRAM 冷却机制已解除，统一内存架构直接发起下一轮无缝衔接突刺！
[2026-04-11 08:58:18] 🌃 [Endless] 
--- ⚡ 第 31 次基因融合突飞猛进开始 ---
[2026-04-11 08:58:18] 🌃 [Endless] 🔥 打爆演进核弹: 【Squad Audit】风险审计与可观测性打杂小队。你需要对整个系统构建通用审计跟踪表: GeneralAuditEntry。核心在于为其编写 AOP 切面代码（例如自定义一个 @Auditable 注解配合一个 AuditAspect 类拦截增删改的方法），并在关键控制器如 AssetController 等核心写操作上落上注解，使得系统可以完全自主在后台存入一条带有 trace_id, action, before_record, after_record 等的审计记录日志到 MySQL。
[2026-04-11 09:08:56] 🌃 [Endless] 🦾 脑力激荡完毕。出口码: 0
[2026-04-11 09:08:56] 🌃 [Endless] ✅ 此次基因突变已成功揉入当前代码海！
[2026-04-11 09:08:56] 🌃 [Endless] 🔒 为本次修改打入版本印记或执行假想测例防止劣化...
[2026-04-11 09:08:56] 🌃 [Endless] 🚀 VRAM 冷却机制已解除，统一内存架构直接发起下一轮无缝衔接突刺！
[2026-04-11 09:08:58] 🌃 [Endless] 
--- ⚡ 第 32 次基因融合突飞猛进开始 ---
[2026-04-11 09:08:58] 🌃 [Endless] 🔥 打爆演进核弹: 【Squad Audit】风险审计与可观测性打杂小队。你需要对整个系统构建通用审计跟踪表: GeneralAuditEntry。核心在于为其编写 AOP 切面代码（例如自定义一个 @Auditable 注解配合一个 AuditAspect 类拦截增删改的方法），并在关键控制器如 AssetController 等核心写操作上落上注解，使得系统可以完全自主在后台存入一条带有 trace_id, action, before_record, after_record 等的审计记录日志到 MySQL。
[2026-04-11 09:14:46] 🌃 [Endless] 🦾 脑力激荡完毕。出口码: 0
[2026-04-11 09:14:46] 🌃 [Endless] ✅ 此次基因突变已成功揉入当前代码海！
[2026-04-11 09:14:46] 🌃 [Endless] 🔒 为本次修改打入版本印记或执行假想测例防止劣化...
[2026-04-11 09:14:46] 🌃 [Endless] 🚀 VRAM 冷却机制已解除，统一内存架构直接发起下一轮无缝衔接突刺！
[2026-04-11 09:14:48] 🌃 [Endless] 
--- ⚡ 第 33 次基因融合突飞猛进开始 ---
[2026-04-11 09:14:48] 🌃 [Endless] 🔥 打爆演进核弹: 【Squad WorkOrder】做为工作流战队，请对维保、调拔等散乱事件统一建立更高层级的工单底盘表（WorkOrder）。该工单表需要包含单号（Auto-Gen）、状态（如DRAFT/PENDING/APPROVED/EXECUTING/CLOSED）等标准化字段。提供其对应的 Service 操作核心以实现状态机驱动（不能非法越级修改工单态），并且提供完备的 API 支持。
[2026-04-11 09:24:14] 🌃 [Endless] 🦾 脑力激荡完毕。出口码: 0
[2026-04-11 09:24:14] 🌃 [Endless] ✅ 此次基因突变已成功揉入当前代码海！
[2026-04-11 09:24:14] 🌃 [Endless] 🔒 为本次修改打入版本印记或执行假想测例防止劣化...
[2026-04-11 09:24:14] 🌃 [Endless] 🚀 VRAM 冷却机制已解除，统一内存架构直接发起下一轮无缝衔接突刺！
[2026-04-11 09:24:16] 🌃 [Endless] 
--- ⚡ 第 34 次基因融合突飞猛进开始 ---
[2026-04-11 09:24:16] 🌃 [Endless] 🔥 打爆演进核弹: 【Squad Audit】风险审计与可观测性打杂小队。你需要对整个系统构建通用审计跟踪表: GeneralAuditEntry。核心在于为其编写 AOP 切面代码（例如自定义一个 @Auditable 注解配合一个 AuditAspect 类拦截增删改的方法），并在关键控制器如 AssetController 等核心写操作上落上注解，使得系统可以完全自主在后台存入一条带有 trace_id, action, before_record, after_record 等的审计记录日志到 MySQL。
[2026-04-11 09:40:56] 🌃 [Endless] 🦾 脑力激荡完毕。出口码: 0
[2026-04-11 09:40:56] 🌃 [Endless] ✅ 此次基因突变已成功揉入当前代码海！
[2026-04-11 09:40:56] 🌃 [Endless] 🔒 为本次修改打入版本印记或执行假想测例防止劣化...
[2026-04-11 09:40:56] 🌃 [Endless] 🚀 VRAM 冷却机制已解除，统一内存架构直接发起下一轮无缝衔接突刺！
[2026-04-11 09:40:58] 🌃 [Endless] 
--- ⚡ 第 35 次基因融合突飞猛进开始 ---
[2026-04-11 09:40:58] 🌃 [Endless] 🔥 打爆演进核弹: 【Squad Vendor】作为供应商关系链小队，请全面建设 Vendor 的闭环体系。包含：建立完备的 Vendor 实体对象，并在 Mapper 中增加增量数据防重入扫描逻辑；同时补齐 VendorService 并在 Controller 对接。审视目前已有的 Maintenance 等依赖，如果有外设或外部指派服务属性，考虑为这些业务实体预留 vendor_id 的多键关联能力。
[2026-04-11 09:42:11] 🌃 [Endless] 🦾 脑力激荡完毕。出口码: 0
[2026-04-11 09:42:11] 🌃 [Endless] ✅ 此次基因突变已成功揉入当前代码海！
[2026-04-11 09:42:11] 🌃 [Endless] 🔒 为本次修改打入版本印记或执行假想测例防止劣化...
[2026-04-11 09:42:11] 🌃 [Endless] 🚀 VRAM 冷却机制已解除，统一内存架构直接发起下一轮无缝衔接突刺！
[2026-04-11 09:42:13] 🌃 [Endless] 
--- ⚡ 第 36 次基因融合突飞猛进开始 ---
[2026-04-11 09:42:13] 🌃 [Endless] 🔥 打爆演进核弹: 【Squad Vendor】作为供应商关系链小队，请全面建设 Vendor 的闭环体系。包含：建立完备的 Vendor 实体对象，并在 Mapper 中增加增量数据防重入扫描逻辑；同时补齐 VendorService 并在 Controller 对接。审视目前已有的 Maintenance 等依赖，如果有外设或外部指派服务属性，考虑为这些业务实体预留 vendor_id 的多键关联能力。
[2026-04-11 09:43:27] 🌃 [Endless] 🦾 脑力激荡完毕。出口码: 0
[2026-04-11 09:43:27] 🌃 [Endless] ✅ 此次基因突变已成功揉入当前代码海！
[2026-04-11 09:43:27] 🌃 [Endless] 🔒 为本次修改打入版本印记或执行假想测例防止劣化...
[2026-04-11 09:43:27] 🌃 [Endless] 🚀 VRAM 冷却机制已解除，统一内存架构直接发起下一轮无缝衔接突刺！
[2026-04-11 09:43:29] 🌃 [Endless] 
--- ⚡ 第 37 次基因融合突飞猛进开始 ---
[2026-04-11 09:43:29] 🌃 [Endless] 🔥 打爆演进核弹: 【Squad WorkOrder】做为工作流战队，请对维保、调拔等散乱事件统一建立更高层级的工单底盘表（WorkOrder）。该工单表需要包含单号（Auto-Gen）、状态（如DRAFT/PENDING/APPROVED/EXECUTING/CLOSED）等标准化字段。提供其对应的 Service 操作核心以实现状态机驱动（不能非法越级修改工单态），并且提供完备的 API 支持。
[2026-04-11 10:03:29] 🌃 [Endless] ⏳ 构思过于庞大超时截断。它已经尽力了。下回合见。
[2026-04-11 10:03:29] 🌃 [Endless] 🔒 为本次修改打入版本印记或执行假想测例防止劣化...
[2026-04-11 10:03:29] 🌃 [Endless] 🚀 VRAM 冷却机制已解除，统一内存架构直接发起下一轮无缝衔接突刺！
[2026-04-11 10:03:31] 🌃 [Endless] 
--- ⚡ 第 38 次基因融合突飞猛进开始 ---
[2026-04-11 10:03:31] 🌃 [Endless] 🔥 打爆演进核弹: 【Squad WorkOrder】做为工作流战队，请对维保、调拔等散乱事件统一建立更高层级的工单底盘表（WorkOrder）。该工单表需要包含单号（Auto-Gen）、状态（如DRAFT/PENDING/APPROVED/EXECUTING/CLOSED）等标准化字段。提供其对应的 Service 操作核心以实现状态机驱动（不能非法越级修改工单态），并且提供完备的 API 支持。
[2026-04-11 10:17:36] 🌃 [Endless] 🦾 脑力激荡完毕。出口码: 0
[2026-04-11 10:17:36] 🌃 [Endless] ✅ 此次基因突变已成功揉入当前代码海！
[2026-04-11 10:17:36] 🌃 [Endless] 🔒 为本次修改打入版本印记或执行假想测例防止劣化...
[2026-04-11 10:17:36] 🌃 [Endless] 🚀 VRAM 冷却机制已解除，统一内存架构直接发起下一轮无缝衔接突刺！
[2026-04-11 10:17:38] 🌃 [Endless] 
--- ⚡ 第 39 次基因融合突飞猛进开始 ---
[2026-04-11 10:17:38] 🌃 [Endless] 🔥 打爆演进核弹: 【Squad WorkOrder】做为工作流战队，请对维保、调拔等散乱事件统一建立更高层级的工单底盘表（WorkOrder）。该工单表需要包含单号（Auto-Gen）、状态（如DRAFT/PENDING/APPROVED/EXECUTING/CLOSED）等标准化字段。提供其对应的 Service 操作核心以实现状态机驱动（不能非法越级修改工单态），并且提供完备的 API 支持。
[2026-04-11 10:27:41] 🌃 [Endless] 🦾 脑力激荡完毕。出口码: 0
[2026-04-11 10:27:41] 🌃 [Endless] ✅ 此次基因突变已成功揉入当前代码海！
[2026-04-11 10:27:41] 🌃 [Endless] 🔒 为本次修改打入版本印记或执行假想测例防止劣化...
[2026-04-11 10:27:41] 🌃 [Endless] 🚀 VRAM 冷却机制已解除，统一内存架构直接发起下一轮无缝衔接突刺！
[2026-04-11 10:27:43] 🌃 [Endless] 
--- ⚡ 第 40 次基因融合突飞猛进开始 ---
[2026-04-11 10:27:43] 🌃 [Endless] 🔥 打爆演进核弹: 【Squad Audit】风险审计与可观测性打杂小队。你需要对整个系统构建通用审计跟踪表: GeneralAuditEntry。核心在于为其编写 AOP 切面代码（例如自定义一个 @Auditable 注解配合一个 AuditAspect 类拦截增删改的方法），并在关键控制器如 AssetController 等核心写操作上落上注解，使得系统可以完全自主在后台存入一条带有 trace_id, action, before_record, after_record 等的审计记录日志到 MySQL。
[2026-04-11 10:34:05] 🌃 [Endless] 🦾 脑力激荡完毕。出口码: 0
[2026-04-11 10:34:05] 🌃 [Endless] ✅ 此次基因突变已成功揉入当前代码海！
[2026-04-11 10:34:05] 🌃 [Endless] 🔒 为本次修改打入版本印记或执行假想测例防止劣化...
[2026-04-11 10:34:05] 🌃 [Endless] 🚀 VRAM 冷却机制已解除，统一内存架构直接发起下一轮无缝衔接突刺！
[2026-04-11 10:34:07] 🌃 [Endless] 
--- ⚡ 第 41 次基因融合突飞猛进开始 ---
[2026-04-11 10:34:07] 🌃 [Endless] 🔥 打爆演进核弹: 【Squad Location】作为基础设施建设小队，请在 forthAMS 项目中实现多级层级关系的 Location (空间字典) 的全链路打通。包括 Entity(具备树状关系的 ID, parentId 等)、MyBatis Mapper、支持树形查建改的 Service 层，以及在 LocationController 暴露完善的 REST API。确保与现有框架的实体风格保持一致，使用 Spring Boot 标准装配。
[2026-04-11 10:40:37] 🌃 [Endless] 🦾 脑力激荡完毕。出口码: 0
[2026-04-11 10:40:37] 🌃 [Endless] ✅ 此次基因突变已成功揉入当前代码海！
[2026-04-11 10:40:37] 🌃 [Endless] 🔒 为本次修改打入版本印记或执行假想测例防止劣化...
[2026-04-11 10:40:37] 🌃 [Endless] 🚀 VRAM 冷却机制已解除，统一内存架构直接发起下一轮无缝衔接突刺！
[2026-04-11 10:40:39] 🌃 [Endless] 
--- ⚡ 第 42 次基因融合突飞猛进开始 ---
[2026-04-11 10:40:39] 🌃 [Endless] 🔥 打爆演进核弹: 【Squad Location】作为基础设施建设小队，请在 forthAMS 项目中实现多级层级关系的 Location (空间字典) 的全链路打通。包括 Entity(具备树状关系的 ID, parentId 等)、MyBatis Mapper、支持树形查建改的 Service 层，以及在 LocationController 暴露完善的 REST API。确保与现有框架的实体风格保持一致，使用 Spring Boot 标准装配。
[2026-04-11 10:44:37] 🌃 [Endless] 🦾 脑力激荡完毕。出口码: 0
[2026-04-11 10:44:37] 🌃 [Endless] ✅ 此次基因突变已成功揉入当前代码海！
[2026-04-11 10:44:37] 🌃 [Endless] 🔒 为本次修改打入版本印记或执行假想测例防止劣化...
[2026-04-11 10:44:37] 🌃 [Endless] 🚀 VRAM 冷却机制已解除，统一内存架构直接发起下一轮无缝衔接突刺！
[2026-04-11 10:44:39] 🌃 [Endless] 
--- ⚡ 第 43 次基因融合突飞猛进开始 ---
[2026-04-11 10:44:39] 🌃 [Endless] 🔥 打爆演进核弹: 【Squad Location】作为基础设施建设小队，请在 forthAMS 项目中实现多级层级关系的 Location (空间字典) 的全链路打通。包括 Entity(具备树状关系的 ID, parentId 等)、MyBatis Mapper、支持树形查建改的 Service 层，以及在 LocationController 暴露完善的 REST API。确保与现有框架的实体风格保持一致，使用 Spring Boot 标准装配。
[2026-04-11 10:51:02] 🌃 [Endless] 🦾 脑力激荡完毕。出口码: 0
[2026-04-11 10:51:02] 🌃 [Endless] ✅ 此次基因突变已成功揉入当前代码海！
[2026-04-11 10:51:02] 🌃 [Endless] 🔒 为本次修改打入版本印记或执行假想测例防止劣化...
[2026-04-11 10:51:02] 🌃 [Endless] 🚀 VRAM 冷却机制已解除，统一内存架构直接发起下一轮无缝衔接突刺！
[2026-04-11 10:51:04] 🌃 [Endless] 
--- ⚡ 第 44 次基因融合突飞猛进开始 ---
[2026-04-11 10:51:04] 🌃 [Endless] 🔥 打爆演进核弹: 【Squad Audit】风险审计与可观测性打杂小队。你需要对整个系统构建通用审计跟踪表: GeneralAuditEntry。核心在于为其编写 AOP 切面代码（例如自定义一个 @Auditable 注解配合一个 AuditAspect 类拦截增删改的方法），并在关键控制器如 AssetController 等核心写操作上落上注解，使得系统可以完全自主在后台存入一条带有 trace_id, action, before_record, after_record 等的审计记录日志到 MySQL。
[2026-04-11 10:59:17] 🌃 [Endless] 🦾 脑力激荡完毕。出口码: 0
[2026-04-11 10:59:17] 🌃 [Endless] ✅ 此次基因突变已成功揉入当前代码海！
[2026-04-11 10:59:17] 🌃 [Endless] 🔒 为本次修改打入版本印记或执行假想测例防止劣化...
[2026-04-11 10:59:17] 🌃 [Endless] 🚀 VRAM 冷却机制已解除，统一内存架构直接发起下一轮无缝衔接突刺！
[2026-04-11 10:59:19] 🌃 [Endless] 
--- ⚡ 第 45 次基因融合突飞猛进开始 ---
[2026-04-11 10:59:19] 🌃 [Endless] 🔥 打爆演进核弹: 【Squad WorkOrder】做为工作流战队，请对维保、调拔等散乱事件统一建立更高层级的工单底盘表（WorkOrder）。该工单表需要包含单号（Auto-Gen）、状态（如DRAFT/PENDING/APPROVED/EXECUTING/CLOSED）等标准化字段。提供其对应的 Service 操作核心以实现状态机驱动（不能非法越级修改工单态），并且提供完备的 API 支持。
[2026-04-11 11:08:20] 🌃 [Endless] 🦾 脑力激荡完毕。出口码: 0
[2026-04-11 11:08:20] 🌃 [Endless] ✅ 此次基因突变已成功揉入当前代码海！
[2026-04-11 11:08:20] 🌃 [Endless] 🔒 为本次修改打入版本印记或执行假想测例防止劣化...
[2026-04-11 11:08:20] 🌃 [Endless] 🚀 VRAM 冷却机制已解除，统一内存架构直接发起下一轮无缝衔接突刺！
[2026-04-11 11:08:22] 🌃 [Endless] 
--- ⚡ 第 46 次基因融合突飞猛进开始 ---
[2026-04-11 11:08:22] 🌃 [Endless] 🔥 打爆演进核弹: 【Squad Vendor】作为供应商关系链小队，请全面建设 Vendor 的闭环体系。包含：建立完备的 Vendor 实体对象，并在 Mapper 中增加增量数据防重入扫描逻辑；同时补齐 VendorService 并在 Controller 对接。审视目前已有的 Maintenance 等依赖，如果有外设或外部指派服务属性，考虑为这些业务实体预留 vendor_id 的多键关联能力。
[2026-04-11 11:09:34] 🌃 [Endless] 🦾 脑力激荡完毕。出口码: 0
[2026-04-11 11:09:34] 🌃 [Endless] ✅ 此次基因突变已成功揉入当前代码海！
[2026-04-11 11:09:34] 🌃 [Endless] 🔒 为本次修改打入版本印记或执行假想测例防止劣化...
[2026-04-11 11:09:34] 🌃 [Endless] 🚀 VRAM 冷却机制已解除，统一内存架构直接发起下一轮无缝衔接突刺！
[2026-04-11 11:09:36] 🌃 [Endless] 
--- ⚡ 第 47 次基因融合突飞猛进开始 ---
[2026-04-11 11:09:36] 🌃 [Endless] 🔥 打爆演进核弹: 【Squad Audit】风险审计与可观测性打杂小队。你需要对整个系统构建通用审计跟踪表: GeneralAuditEntry。核心在于为其编写 AOP 切面代码（例如自定义一个 @Auditable 注解配合一个 AuditAspect 类拦截增删改的方法），并在关键控制器如 AssetController 等核心写操作上落上注解，使得系统可以完全自主在后台存入一条带有 trace_id, action, before_record, after_record 等的审计记录日志到 MySQL。
[2026-04-11 11:17:41] 🌃 [Endless] 🦾 脑力激荡完毕。出口码: 0
[2026-04-11 11:17:41] 🌃 [Endless] ✅ 此次基因突变已成功揉入当前代码海！
[2026-04-11 11:17:41] 🌃 [Endless] 🔒 为本次修改打入版本印记或执行假想测例防止劣化...
[2026-04-11 11:17:41] 🌃 [Endless] 🚀 VRAM 冷却机制已解除，统一内存架构直接发起下一轮无缝衔接突刺！
[2026-04-11 11:17:43] 🌃 [Endless] 
--- ⚡ 第 48 次基因融合突飞猛进开始 ---
[2026-04-11 11:17:43] 🌃 [Endless] 🔥 打爆演进核弹: 【Squad WorkOrder】做为工作流战队，请对维保、调拔等散乱事件统一建立更高层级的工单底盘表（WorkOrder）。该工单表需要包含单号（Auto-Gen）、状态（如DRAFT/PENDING/APPROVED/EXECUTING/CLOSED）等标准化字段。提供其对应的 Service 操作核心以实现状态机驱动（不能非法越级修改工单态），并且提供完备的 API 支持。
[2026-04-11 11:37:43] 🌃 [Endless] ⏳ 构思过于庞大超时截断。它已经尽力了。下回合见。
[2026-04-11 11:37:43] 🌃 [Endless] 🔒 为本次修改打入版本印记或执行假想测例防止劣化...
[2026-04-11 11:37:43] 🌃 [Endless] 🚀 VRAM 冷却机制已解除，统一内存架构直接发起下一轮无缝衔接突刺！
[2026-04-11 11:37:45] 🌃 [Endless] 
--- ⚡ 第 49 次基因融合突飞猛进开始 ---
