[2026-04-11 18:06:27] 🌃 [Endless] =========================================
[2026-04-11 18:06:27] 🌃 [Endless] 🌑 太阳落山，长城守夜人已启动。ForthAMS 企业级打磨流水线进入死循环状态...
[2026-04-11 18:06:27] 🌃 [Endless] =========================================
[2026-04-11 18:06:27] 🌃 [Endless] 
--- ⚡ 第 1 次基因融合突飞猛进开始 ---
[2026-04-11 18:06:27] 🌃 [Endless] 🔥 打爆演进核弹: 【Squad Audit】风险审计与可观测性打杂小队。你需要对整个系统构建通用审计跟踪表: GeneralAuditEntry。核心在于为其编写 AOP 切面代码（例如自定义一个 @Auditable 注解配合一个 AuditAspect 类拦截增删改的方法），并在关键控制器如 AssetController 等核心写操作上落上注解，使得系统可以完全自主在后台存入一条带有 trace_id, action, before_record, after_record 等的审计记录日志到 MySQL。
[2026-04-11 18:07:38] 🌃 [Endless] 🦾 脑力激荡完毕。出口码: 0
[2026-04-11 18:07:38] 🌃 [Endless] ✅ 此次基因突变已成功揉入当前代码海！
[2026-04-11 18:07:38] 🌃 [Endless] 🔒 为本次修改打入版本印记或执行假想测例防止劣化...
[2026-04-11 18:07:38] 🌃 [Endless] 🚀 VRAM 冷却机制已解除，统一内存架构直接发起下一轮无缝衔接突刺！
[2026-04-11 18:07:40] 🌃 [Endless] 
--- ⚡ 第 2 次基因融合突飞猛进开始 ---
[2026-04-11 18:07:40] 🌃 [Endless] 🔥 打爆演进核弹: 【Squad Vendor】作为供应商关系链小队，请全面建设 Vendor 的闭环体系。包含：建立完备的 Vendor 实体对象，并在 Mapper 中增加增量数据防重入扫描逻辑；同时补齐 VendorService 并在 Controller 对接。审视目前已有的 Maintenance 等依赖，如果有外设或外部指派服务属性，考虑为这些业务实体预留 vendor_id 的多键关联能力。
[2026-04-11 18:08:49] 🌃 [Endless] 🦾 脑力激荡完毕。出口码: 0
[2026-04-11 18:08:49] 🌃 [Endless] ✅ 此次基因突变已成功揉入当前代码海！
[2026-04-11 18:08:49] 🌃 [Endless] 🔒 为本次修改打入版本印记或执行假想测例防止劣化...
[2026-04-11 18:08:49] 🌃 [Endless] 🚀 VRAM 冷却机制已解除，统一内存架构直接发起下一轮无缝衔接突刺！
[2026-04-11 18:08:51] 🌃 [Endless] 
--- ⚡ 第 3 次基因融合突飞猛进开始 ---
[2026-04-11 18:08:51] 🌃 [Endless] 🔥 打爆演进核弹: 【Squad WorkOrder】做为工作流战队，请对维保、调拔等散乱事件统一建立更高层级的工单底盘表（WorkOrder）。该工单表需要包含单号（Auto-Gen）、状态（如DRAFT/PENDING/APPROVED/EXECUTING/CLOSED）等标准化字段。提供其对应的 Service 操作核心以实现状态机驱动（不能非法越级修改工单态），并且提供完备的 API 支持。
[2026-04-11 18:10:01] 🌃 [Endless] 🦾 脑力激荡完毕。出口码: 0
[2026-04-11 18:10:01] 🌃 [Endless] ✅ 此次基因突变已成功揉入当前代码海！
[2026-04-11 18:10:01] 🌃 [Endless] 🔒 为本次修改打入版本印记或执行假想测例防止劣化...
[2026-04-11 18:10:01] 🌃 [Endless] 🚀 VRAM 冷却机制已解除，统一内存架构直接发起下一轮无缝衔接突刺！
[2026-04-11 18:10:03] 🌃 [Endless] 
--- ⚡ 第 4 次基因融合突飞猛进开始 ---
[2026-04-11 18:10:03] 🌃 [Endless] 🔥 打爆演进核弹: 【Squad Vendor】作为供应商关系链小队，请全面建设 Vendor 的闭环体系。包含：建立完备的 Vendor 实体对象，并在 Mapper 中增加增量数据防重入扫描逻辑；同时补齐 VendorService 并在 Controller 对接。审视目前已有的 Maintenance 等依赖，如果有外设或外部指派服务属性，考虑为这些业务实体预留 vendor_id 的多键关联能力。
[2026-04-11 18:11:13] 🌃 [Endless] 🦾 脑力激荡完毕。出口码: 0
[2026-04-11 18:11:13] 🌃 [Endless] ✅ 此次基因突变已成功揉入当前代码海！
[2026-04-11 18:11:13] 🌃 [Endless] 🔒 为本次修改打入版本印记或执行假想测例防止劣化...
[2026-04-11 18:11:13] 🌃 [Endless] 🚀 VRAM 冷却机制已解除，统一内存架构直接发起下一轮无缝衔接突刺！
[2026-04-11 18:11:15] 🌃 [Endless] 
--- ⚡ 第 5 次基因融合突飞猛进开始 ---
[2026-04-11 18:11:15] 🌃 [Endless] 🔥 打爆演进核弹: 【Squad WorkOrder】做为工作流战队，请对维保、调拔等散乱事件统一建立更高层级的工单底盘表（WorkOrder）。该工单表需要包含单号（Auto-Gen）、状态（如DRAFT/PENDING/APPROVED/EXECUTING/CLOSED）等标准化字段。提供其对应的 Service 操作核心以实现状态机驱动（不能非法越级修改工单态），并且提供完备的 API 支持。
[2026-04-11 18:12:25] 🌃 [Endless] 🦾 脑力激荡完毕。出口码: 0
[2026-04-11 18:12:25] 🌃 [Endless] ✅ 此次基因突变已成功揉入当前代码海！
[2026-04-11 18:12:25] 🌃 [Endless] 🔒 为本次修改打入版本印记或执行假想测例防止劣化...
[2026-04-11 18:12:25] 🌃 [Endless] 🚀 VRAM 冷却机制已解除，统一内存架构直接发起下一轮无缝衔接突刺！
[2026-04-11 18:12:27] 🌃 [Endless] 
--- ⚡ 第 6 次基因融合突飞猛进开始 ---
[2026-04-11 18:12:27] 🌃 [Endless] 🔥 打爆演进核弹: 【Squad Audit】风险审计与可观测性打杂小队。你需要对整个系统构建通用审计跟踪表: GeneralAuditEntry。核心在于为其编写 AOP 切面代码（例如自定义一个 @Auditable 注解配合一个 AuditAspect 类拦截增删改的方法），并在关键控制器如 AssetController 等核心写操作上落上注解，使得系统可以完全自主在后台存入一条带有 trace_id, action, before_record, after_record 等的审计记录日志到 MySQL。
[2026-04-11 18:13:37] 🌃 [Endless] 🦾 脑力激荡完毕。出口码: 0
[2026-04-11 18:13:37] 🌃 [Endless] ✅ 此次基因突变已成功揉入当前代码海！
[2026-04-11 18:13:37] 🌃 [Endless] 🔒 为本次修改打入版本印记或执行假想测例防止劣化...
[2026-04-11 18:13:37] 🌃 [Endless] 🚀 VRAM 冷却机制已解除，统一内存架构直接发起下一轮无缝衔接突刺！
[2026-04-11 18:13:39] 🌃 [Endless] 
--- ⚡ 第 7 次基因融合突飞猛进开始 ---
[2026-04-11 18:13:39] 🌃 [Endless] 🔥 打爆演进核弹: 【Squad Audit】风险审计与可观测性打杂小队。你需要对整个系统构建通用审计跟踪表: GeneralAuditEntry。核心在于为其编写 AOP 切面代码（例如自定义一个 @Auditable 注解配合一个 AuditAspect 类拦截增删改的方法），并在关键控制器如 AssetController 等核心写操作上落上注解，使得系统可以完全自主在后台存入一条带有 trace_id, action, before_record, after_record 等的审计记录日志到 MySQL。
[2026-04-11 18:14:49] 🌃 [Endless] 🦾 脑力激荡完毕。出口码: 0
[2026-04-11 18:14:49] 🌃 [Endless] ✅ 此次基因突变已成功揉入当前代码海！
[2026-04-11 18:14:49] 🌃 [Endless] 🔒 为本次修改打入版本印记或执行假想测例防止劣化...
[2026-04-11 18:14:49] 🌃 [Endless] 🚀 VRAM 冷却机制已解除，统一内存架构直接发起下一轮无缝衔接突刺！
[2026-04-11 18:14:51] 🌃 [Endless] 
--- ⚡ 第 8 次基因融合突飞猛进开始 ---
[2026-04-11 18:14:51] 🌃 [Endless] 🔥 打爆演进核弹: 【Squad Audit】风险审计与可观测性打杂小队。你需要对整个系统构建通用审计跟踪表: GeneralAuditEntry。核心在于为其编写 AOP 切面代码（例如自定义一个 @Auditable 注解配合一个 AuditAspect 类拦截增删改的方法），并在关键控制器如 AssetController 等核心写操作上落上注解，使得系统可以完全自主在后台存入一条带有 trace_id, action, before_record, after_record 等的审计记录日志到 MySQL。
[2026-04-11 18:16:02] 🌃 [Endless] 🦾 脑力激荡完毕。出口码: 0
[2026-04-11 18:16:02] 🌃 [Endless] ✅ 此次基因突变已成功揉入当前代码海！
[2026-04-11 18:16:02] 🌃 [Endless] 🔒 为本次修改打入版本印记或执行假想测例防止劣化...
